<?xml version="1.0" encoding="UTF-8"?>
<!-- Generated by org.testng.reporters.JUnitXMLReporter -->
<testsuite hostname="hp" ignored="0" name="Test" tests="4" failures="0" timestamp="2020-08-16T00:18:01 IST" time="139.137" errors="0">
  <testcase name="validLoginLogout" time="39.007" classname="regressionScripts.Regression"/>
  <testcase name="InvalidLogin" time="3.618" classname="regressionScripts.Regression"/>
  <testcase name="verifyActimeVersion" time="8.929" classname="regressionScripts.Regression"/>
  <testcase name="sendBugReport" time="10.194" classname="regressionScripts.Regression"/>
</testsuite> <!-- Test -->
