<?xml version="1.0" encoding="UTF-8"?>
<!-- Generated by org.testng.reporters.JUnitXMLReporter -->
<testsuite hostname="hp" ignored="0" name="Test" tests="4" failures="0" timestamp="2020-08-21T18:22:06 IST" time="246.692" errors="0">
  <testcase name="validLoginLogout" time="88.441" classname="regressionScripts.Regression"/>
  <testcase name="InvalidLogin" time="2.274" classname="regressionScripts.Regression"/>
  <testcase name="verifyActimeVersion" time="15.93" classname="regressionScripts.Regression"/>
  <testcase name="sendBugReport" time="13.471" classname="regressionScripts.Regression"/>
</testsuite> <!-- Test -->
