<?xml version="1.0" encoding="UTF-8"?>
<testng-results skipped="0" failed="0" ignored="0" total="4" passed="4">
  <reporter-output>
  </reporter-output>
  <suite name="Suite" duration-ms="246692" started-at="2020-08-21T18:17:59 IST" finished-at="2020-08-21T18:22:06 IST">
    <groups>
    </groups>
    <test name="Test" duration-ms="246692" started-at="2020-08-21T18:17:59 IST" finished-at="2020-08-21T18:22:06 IST">
      <class name="regressionScripts.Regression">
        <test-method status="PASS" signature="setUP()[pri:0, instance:regressionScripts.Regression@5a8e6209]" name="setUP" is-config="true" duration-ms="747" started-at="2020-08-21T18:17:59 IST" finished-at="2020-08-21T18:17:59 IST">
          <reporter-output>
          </reporter-output>
        </test-method> <!-- setUP -->
        <test-method status="PASS" signature="openApplication(java.lang.String)[pri:0, instance:regressionScripts.Regression@5a8e6209]" name="openApplication" is-config="true" duration-ms="83937" started-at="2020-08-21T18:17:59 IST" finished-at="2020-08-21T18:19:23 IST">
          <params>
            <param index="0">
              <value>
                <![CDATA[chrome]]>
              </value>
            </param>
          </params>
          <reporter-output>
          </reporter-output>
        </test-method> <!-- openApplication -->
        <test-method status="PASS" signature="validLoginLogout()[pri:1, instance:regressionScripts.Regression@5a8e6209]" name="validLoginLogout" duration-ms="88441" started-at="2020-08-21T18:19:23 IST" finished-at="2020-08-21T18:20:52 IST">
          <reporter-output>
          </reporter-output>
        </test-method> <!-- validLoginLogout -->
        <test-method status="PASS" signature="tearDown(org.testng.ITestResult)[pri:0, instance:regressionScripts.Regression@5a8e6209]" name="tearDown" is-config="true" duration-ms="1878" started-at="2020-08-21T18:20:52 IST" finished-at="2020-08-21T18:20:54 IST">
          <params>
            <param index="0">
              <value>
                <![CDATA[[TestResult name=validLoginLogout status=SUCCESS method=Regression.validLoginLogout()[pri:1, instance:regressionScripts.Regression@5a8e6209] output={null}]]]>
              </value>
            </param>
          </params>
          <reporter-output>
          </reporter-output>
        </test-method> <!-- tearDown -->
        <test-method status="PASS" signature="openApplication(java.lang.String)[pri:0, instance:regressionScripts.Regression@5a8e6209]" name="openApplication" is-config="true" duration-ms="11731" started-at="2020-08-21T18:20:54 IST" finished-at="2020-08-21T18:21:05 IST">
          <params>
            <param index="0">
              <value>
                <![CDATA[chrome]]>
              </value>
            </param>
          </params>
          <reporter-output>
          </reporter-output>
        </test-method> <!-- openApplication -->
        <test-method status="PASS" signature="InvalidLogin()[pri:2, instance:regressionScripts.Regression@5a8e6209]" name="InvalidLogin" duration-ms="2274" started-at="2020-08-21T18:21:05 IST" finished-at="2020-08-21T18:21:08 IST">
          <reporter-output>
          </reporter-output>
        </test-method> <!-- InvalidLogin -->
        <test-method status="PASS" signature="tearDown(org.testng.ITestResult)[pri:0, instance:regressionScripts.Regression@5a8e6209]" name="tearDown" is-config="true" duration-ms="1144" started-at="2020-08-21T18:21:08 IST" finished-at="2020-08-21T18:21:09 IST">
          <params>
            <param index="0">
              <value>
                <![CDATA[[TestResult name=InvalidLogin status=SUCCESS method=Regression.InvalidLogin()[pri:2, instance:regressionScripts.Regression@5a8e6209] output={null}]]]>
              </value>
            </param>
          </params>
          <reporter-output>
          </reporter-output>
        </test-method> <!-- tearDown -->
        <test-method status="PASS" signature="openApplication(java.lang.String)[pri:0, instance:regressionScripts.Regression@5a8e6209]" name="openApplication" is-config="true" duration-ms="12147" started-at="2020-08-21T18:21:09 IST" finished-at="2020-08-21T18:21:21 IST">
          <params>
            <param index="0">
              <value>
                <![CDATA[chrome]]>
              </value>
            </param>
          </params>
          <reporter-output>
          </reporter-output>
        </test-method> <!-- openApplication -->
        <test-method status="PASS" signature="verifyActimeVersion()[pri:3, instance:regressionScripts.Regression@5a8e6209]" name="verifyActimeVersion" duration-ms="15930" started-at="2020-08-21T18:21:21 IST" finished-at="2020-08-21T18:21:37 IST">
          <reporter-output>
          </reporter-output>
        </test-method> <!-- verifyActimeVersion -->
        <test-method status="PASS" signature="tearDown(org.testng.ITestResult)[pri:0, instance:regressionScripts.Regression@5a8e6209]" name="tearDown" is-config="true" duration-ms="1254" started-at="2020-08-21T18:21:37 IST" finished-at="2020-08-21T18:21:38 IST">
          <params>
            <param index="0">
              <value>
                <![CDATA[[TestResult name=verifyActimeVersion status=SUCCESS method=Regression.verifyActimeVersion()[pri:3, instance:regressionScripts.Regression@5a8e6209] output={null}]]]>
              </value>
            </param>
          </params>
          <reporter-output>
          </reporter-output>
        </test-method> <!-- tearDown -->
        <test-method status="PASS" signature="openApplication(java.lang.String)[pri:0, instance:regressionScripts.Regression@5a8e6209]" name="openApplication" is-config="true" duration-ms="13175" started-at="2020-08-21T18:21:38 IST" finished-at="2020-08-21T18:21:51 IST">
          <params>
            <param index="0">
              <value>
                <![CDATA[chrome]]>
              </value>
            </param>
          </params>
          <reporter-output>
          </reporter-output>
        </test-method> <!-- openApplication -->
        <test-method status="PASS" signature="sendBugReport()[pri:4, instance:regressionScripts.Regression@5a8e6209]" name="sendBugReport" duration-ms="13471" started-at="2020-08-21T18:21:51 IST" finished-at="2020-08-21T18:22:05 IST">
          <reporter-output>
          </reporter-output>
        </test-method> <!-- sendBugReport -->
        <test-method status="PASS" signature="tearDown(org.testng.ITestResult)[pri:0, instance:regressionScripts.Regression@5a8e6209]" name="tearDown" is-config="true" duration-ms="1261" started-at="2020-08-21T18:22:05 IST" finished-at="2020-08-21T18:22:06 IST">
          <params>
            <param index="0">
              <value>
                <![CDATA[[TestResult name=sendBugReport status=SUCCESS method=Regression.sendBugReport()[pri:4, instance:regressionScripts.Regression@5a8e6209] output={null}]]]>
              </value>
            </param>
          </params>
          <reporter-output>
          </reporter-output>
        </test-method> <!-- tearDown -->
        <test-method status="PASS" signature="tearDown()[pri:0, instance:regressionScripts.Regression@5a8e6209]" name="tearDown" is-config="true" duration-ms="1027" started-at="2020-08-21T18:22:06 IST" finished-at="2020-08-21T18:22:07 IST">
          <reporter-output>
          </reporter-output>
        </test-method> <!-- tearDown -->
      </class> <!-- regressionScripts.Regression -->
    </test> <!-- Test -->
  </suite> <!-- Suite -->
</testng-results>
